<?xml version="1.0" encoding="UTF-8"?>
<testsuite xmlns:xsi="http://www.w3.org/2001/XMLSchema-instance" xsi:noNamespaceSchemaLocation="https://maven.apache.org/surefire/maven-surefire-plugin/xsd/surefire-test-report.xsd" name="introduction_to_unit_testing.AccountTest" time="0.028" tests="2" errors="0" skipped="0" failures="0">
  <properties>
[...]
</properties>
  <testcase name="myTest" classname="introduction_to_unit_testing.AccountTest" time="0.016"/>
  <testcase name="myTest2" classname="introduction_to_unit_testing.AccountTest" time="0.002"/>
</testsuite>